# JRE version: 7.0_25-b17
# Java VM: Java HotSpot(TM) Client VM (23.25-b01 mixed mode, sharing windows-x86 )
Heap
 def new generation   total 4928K, used 1444K [0x22b50000, 0x230a0000, 0x280a0000)
  eden space 4416K,  30% used [0x22b50000, 0x22ca1770, 0x22fa0000)
  from space 512K,  18% used [0x22fa0000, 0x22fb7940, 0x23020000)
  to   space 512K,   0% used [0x23020000, 0x23020000, 0x230a0000)
 tenured generation   total 10944K, used 3887K [0x280a0000, 0x28b50000, 0x32b50000)
   the space 10944K,  35% used [0x280a0000, 0x2846bc30, 0x2846be00, 0x28b50000)
 compacting perm gen  total 12288K, used 3623K [0x32b50000, 0x33750000, 0x36b50000)
   the space 12288K,  29% used [0x32b50000, 0x32ed9eb0, 0x32eda000, 0x33750000)
    ro space 10240K,  42% used [0x36b50000, 0x36f94240, 0x36f94400, 0x37550000)
    rw space 12288K,  54% used [0x37550000, 0x37bd4d58, 0x37bd4e00, 0x38150000)
GC Heap History (10 events):
Event: 0.824 GC heap before
{Heap before GC invocations=1 (full 0):
 def new generation   total 4928K, used 4928K [0x22b50000, 0x230a0000, 0x280a0000)
  eden space 4416K, 100% used [0x22b50000, 0x22fa0000, 0x22fa0000)
  from space 512K, 100% used [0x23020000, 0x230a0000, 0x230a0000)
  to   space 512K,   0% used [0x22fa0000, 0x22fa0000, 0x23020000)
 tenured generation   total 10944K, used 776K [0x280a0000, 0x28b50000, 0x32b50000)
   the space 10944K,   7% used [0x280a0000, 0x28162280, 0x28162400, 0x28b50000)
 compacting perm gen  total 12288K, used 2979K [0x32b50000, 0x33750000, 0x36b50000)
   the space 12288K,  24% used [0x32b50000, 0x32e38f00, 0x32e39000, 0x33750000)
    ro space 10240K,  42% used [0x36b50000, 0x36f94240, 0x36f94400, 0x37550000)
    rw space 12288K,  54% used [0x37550000, 0x37bd4d58, 0x37bd4e00, 0x38150000)
Event: 0.833 GC heap after
Heap after GC invocations=2 (full 0):
 def new generation   total 4928K, used 512K [0x22b50000, 0x230a0000, 0x280a0000)
  eden space 4416K,   0% used [0x22b50000, 0x22b50000, 0x22fa0000)
  from space 512K, 100% used [0x22fa0000, 0x23020000, 0x23020000)
  to   space 512K,   0% used [0x23020000, 0x23020000, 0x230a0000)
 tenured generation   total 10944K, used 2045K [0x280a0000, 0x28b50000, 0x32b50000)
   the space 10944K,  18% used [0x280a0000, 0x2829f4d0, 0x2829f600, 0x28b50000)
 compacting perm gen  total 12288K, used 2979K [0x32b50000, 0x33750000, 0x36b50000)
   the space 12288K,  24% used [0x32b50000, 0x32e38f00, 0x32e39000, 0x33750000)
    ro space 10240K,  42% used [0x36b50000, 0x36f94240, 0x36f94400, 0x37550000)
    rw space 12288K,  54% used [0x37550000, 0x37bd4d58, 0x37bd4e00, 0x38150000)
}
Event: 6.891 GC heap before
{Heap before GC invocations=2 (full 0):
 def new generation   total 4928K, used 4674K [0x22b50000, 0x230a0000, 0x280a0000)
  eden space 4416K,  94% used [0x22b50000, 0x22f60918, 0x22fa0000)
  from space 512K, 100% used [0x22fa0000, 0x23020000, 0x23020000)
  to   space 512K,   0% used [0x23020000, 0x23020000, 0x230a0000)
 tenured generation   total 10944K, used 2045K [0x280a0000, 0x28b50000, 0x32b50000)
   the space 10944K,  18% used [0x280a0000, 0x2829f4d0, 0x2829f600, 0x28b50000)
 compacting perm gen  total 12288K, used 3378K [0x32b50000, 0x33750000, 0x36b50000)
   the space 12288K,  27% used [0x32b50000, 0x32e9c9c0, 0x32e9ca00, 0x33750000)
    ro space 10240K,  42% used [0x36b50000, 0x36f94240, 0x36f94400, 0x37550000)
    rw space 12288K,  54% used [0x37550000, 0x37bd4d58, 0x37bd4e00, 0x38150000)
Event: 6.897 GC heap after
Heap after GC invocations=3 (full 0):
 def new generation   total 4928K, used 489K [0x22b50000, 0x230a0000, 0x280a0000)
  eden space 4416K,   0% used [0x22b50000, 0x22b50000, 0x22fa0000)
  from space 512K,  95% used [0x23020000, 0x2309a4f8, 0x230a0000)
  to   space 512K,   0% used [0x22fa0000, 0x22fa0000, 0x23020000)
 tenured generation   total 10944K, used 2550K [0x280a0000, 0x28b50000, 0x32b50000)
   the space 10944K,  23% used [0x280a0000, 0x2831db90, 0x2831dc00, 0x28b50000)
 compacting perm gen  total 12288K, used 3378K [0x32b50000, 0x33750000, 0x36b50000)
   the space 12288K,  27% used [0x32b50000, 0x32e9c9c0, 0x32e9ca00, 0x33750000)
    ro space 10240K,  42% used [0x36b50000, 0x36f94240, 0x36f94400, 0x37550000)
    rw space 12288K,  54% used [0x37550000, 0x37bd4d58, 0x37bd4e00, 0x38150000)
}
Event: 34.809 GC heap before
{Heap before GC invocations=3 (full 0):
 def new generation   total 4928K, used 4905K [0x22b50000, 0x230a0000, 0x280a0000)
  eden space 4416K, 100% used [0x22b50000, 0x22fa0000, 0x22fa0000)
  from space 512K,  95% used [0x23020000, 0x2309a4f8, 0x230a0000)
  to   space 512K,   0% used [0x22fa0000, 0x22fa0000, 0x23020000)
 tenured generation   total 10944K, used 2550K [0x280a0000, 0x28b50000, 0x32b50000)
   the space 10944K,  23% used [0x280a0000, 0x2831db90, 0x2831dc00, 0x28b50000)
 compacting perm gen  total 12288K, used 3463K [0x32b50000, 0x33750000, 0x36b50000)
   the space 12288K,  28% used [0x32b50000, 0x32eb1c50, 0x32eb1e00, 0x33750000)
    ro space 10240K,  42% used [0x36b50000, 0x36f94240, 0x36f94400, 0x37550000)
    rw space 12288K,  54% used [0x37550000, 0x37bd4d58, 0x37bd4e00, 0x38150000)
Event: 34.813 GC heap after
Heap after GC invocations=4 (full 0):
 def new generation   total 4928K, used 330K [0x22b50000, 0x230a0000, 0x280a0000)
  eden space 4416K,   0% used [0x22b50000, 0x22b50000, 0x22fa0000)
  from space 512K,  64% used [0x22fa0000, 0x22ff2b00, 0x23020000)
  to   space 512K,   0% used [0x23020000, 0x23020000, 0x230a0000)
 tenured generation   total 10944K, used 2987K [0x280a0000, 0x28b50000, 0x32b50000)
   the space 10944K,  27% used [0x280a0000, 0x2838ac20, 0x2838ae00, 0x28b50000)
 compacting perm gen  total 12288K, used 3463K [0x32b50000, 0x33750000, 0x36b50000)
   the space 12288K,  28% used [0x32b50000, 0x32eb1c50, 0x32eb1e00, 0x33750000)
    ro space 10240K,  42% used [0x36b50000, 0x36f94240, 0x36f94400, 0x37550000)
    rw space 12288K,  54% used [0x37550000, 0x37bd4d58, 0x37bd4e00, 0x38150000)
}
Event: 37.285 GC heap before
{Heap before GC invocations=4 (full 0):
 def new generation   total 4928K, used 4746K [0x22b50000, 0x230a0000, 0x280a0000)
  eden space 4416K, 100% used [0x22b50000, 0x22fa0000, 0x22fa0000)
  from space 512K,  64% used [0x22fa0000, 0x22ff2b00, 0x23020000)
  to   space 512K,   0% used [0x23020000, 0x23020000, 0x230a0000)
 tenured generation   total 10944K, used 2987K [0x280a0000, 0x28b50000, 0x32b50000)
   the space 10944K,  27% used [0x280a0000, 0x2838ac20, 0x2838ae00, 0x28b50000)
 compacting perm gen  total 12288K, used 3463K [0x32b50000, 0x33750000, 0x36b50000)
   the space 12288K,  28% used [0x32b50000, 0x32eb1ce0, 0x32eb1e00, 0x33750000)
    ro space 10240K,  42% used [0x36b50000, 0x36f94240, 0x36f94400, 0x37550000)
    rw space 12288K,  54% used [0x37550000, 0x37bd4d58, 0x37bd4e00, 0x38150000)
Event: 37.287 GC heap after
Heap after GC invocations=5 (full 0):
 def new generation   total 4928K, used 353K [0x22b50000, 0x230a0000, 0x280a0000)
  eden space 4416K,   0% used [0x22b50000, 0x22b50000, 0x22fa0000)
  from space 512K,  69% used [0x23020000, 0x23078598, 0x230a0000)
  to   space 512K,   0% used [0x22fa0000, 0x22fa0000, 0x23020000)
 tenured generation   total 10944K, used 3555K [0x280a0000, 0x28b50000, 0x32b50000)
   the space 10944K,  32% used [0x280a0000, 0x28418f70, 0x28419000, 0x28b50000)
 compacting perm gen  total 12288K, used 3463K [0x32b50000, 0x33750000, 0x36b50000)
   the space 12288K,  28% used [0x32b50000, 0x32eb1ce0, 0x32eb1e00, 0x33750000)
    ro space 10240K,  42% used [0x36b50000, 0x36f94240, 0x36f94400, 0x37550000)
    rw space 12288K,  54% used [0x37550000, 0x37bd4d58, 0x37bd4e00, 0x38150000)
}
Event: 79.360 GC heap before
{Heap before GC invocations=5 (full 0):
 def new generation   total 4928K, used 4769K [0x22b50000, 0x230a0000, 0x280a0000)
  eden space 4416K, 100% used [0x22b50000, 0x22fa0000, 0x22fa0000)
  from space 512K,  69% used [0x23020000, 0x23078598, 0x230a0000)
  to   space 512K,   0% used [0x22fa0000, 0x22fa0000, 0x23020000)
 tenured generation   total 10944K, used 3555K [0x280a0000, 0x28b50000, 0x32b50000)
   the space 10944K,  32% used [0x280a0000, 0x28418f70, 0x28419000, 0x28b50000)
 compacting perm gen  total 12288K, used 3523K [0x32b50000, 0x33750000, 0x36b50000)
   the space 12288K,  28% used [0x32b50000, 0x32ec0e18, 0x32ec1000, 0x33750000)
    ro space 10240K,  42% used [0x36b50000, 0x36f94240, 0x36f94400, 0x37550000)
    rw space 12288K,  54% used [0x37550000, 0x37bd4d58, 0x37bd4e00, 0x38150000)
Event: 79.362 GC heap after
Heap after GC invocations=6 (full 0):
 def new generation   total 4928K, used 94K [0x22b50000, 0x230a0000, 0x280a0000)
  eden space 4416K,   0% used [0x22b50000, 0x22b50000, 0x22fa0000)
  from space 512K,  18% used [0x22fa0000, 0x22fb7940, 0x23020000)
  to   space 512K,   0% used [0x23020000, 0x23020000, 0x230a0000)
 tenured generation   total 10944K, used 3887K [0x280a0000, 0x28b50000, 0x32b50000)
   the space 10944K,  35% used [0x280a0000, 0x2846bc30, 0x2846be00, 0x28b50000)
 compacting perm gen  total 12288K, used 3523K [0x32b50000, 0x33750000, 0x36b50000)
   the space 12288K,  28% used [0x32b50000, 0x32ec0e18, 0x32ec1000, 0x33750000)
    ro space 10240K,  42% used [0x36b50000, 0x36f94240, 0x36f94400, 0x37550000)
    rw space 12288K,  54% used [0x37550000, 0x37bd4d58, 0x37bd4e00, 0x38150000)
}

